# JRE version: OpenJDK Runtime Environment Temurin-21.0.11+10 (21.0.11+10) (build 21.0.11+10-LTS)
# Java VM: OpenJDK 64-Bit Server VM Temurin-21.0.11+10 (21.0.11+10-LTS, mixed mode, sharing, tiered, compressed oops, compressed class ptrs, parallel gc, windows-amd64)
GC Precious Log:
 CardTable entry size: 512
 CPUs: 12 total, 12 available
 Memory: 48885M
 Large Page Support: Disabled
 NUMA Support: Disabled
 Compressed Oops: Enabled (32-bit)
 Alignments: Space 512K, Generation 512K, Heap 2M
 Heap Min Capacity: 100M
 Heap Initial Capacity: 100M
 Heap Max Capacity: 2G
 Pre-touch: Disabled
 Parallel Workers: 10
Heap:
 PSYoungGen      total 130560K, used 4395K [0x00000000d5580000, 0x00000000e1400000, 0x0000000100000000)
  eden space 125952K, 0% used [0x00000000d5580000,0x00000000d5580000,0x00000000dd080000)
  from space 4608K, 95% used [0x00000000e0f80000,0x00000000e13caca0,0x00000000e1400000)
  to   space 24064K, 0% used [0x00000000de500000,0x00000000de500000,0x00000000dfc80000)
 ParOldGen       total 943616K, used 943172K [0x0000000080000000, 0x00000000b9980000, 0x00000000d5580000)
  object space 943616K, 99% used [0x0000000080000000,0x00000000b9911208,0x00000000b9980000)
 Metaspace       used 24133K, committed 24896K, reserved 1114112K
  class space    used 2320K, committed 2688K, reserved 1048576K
GC Heap History (20 events):
Event: 31.971 GC heap after
{Heap after GC invocations=393 (full 6):
 PSYoungGen      total 105984K, used 32K [0x00000000d5580000, 0x00000000df300000, 0x0000000100000000)
  eden space 105472K, 0% used [0x00000000d5580000,0x00000000d5580000,0x00000000dbc80000)
  from space 512K, 6% used [0x00000000df200000,0x00000000df208000,0x00000000df280000)
  to   space 512K, 0% used [0x00000000df280000,0x00000000df280000,0x00000000df300000)
 ParOldGen       total 633856K, used 619671K [0x0000000080000000, 0x00000000a6b00000, 0x00000000d5580000)
  object space 633856K, 97% used [0x0000000080000000,0x00000000a5d25f68,0x00000000a6b00000)
 Metaspace       used 14399K, committed 14912K, reserved 1114112K
  class space    used 1508K, committed 1728K, reserved 1048576K
}
Event: 32.029 GC heap before
{Heap before GC invocations=394 (full 6):
 PSYoungGen      total 105984K, used 101937K [0x00000000d5580000, 0x00000000df300000, 0x0000000100000000)
  eden space 105472K, 96% used [0x00000000d5580000,0x00000000db904748,0x00000000dbc80000)
  from space 512K, 6% used [0x00000000df200000,0x00000000df208000,0x00000000df280000)
  to   space 512K, 0% used [0x00000000df280000,0x00000000df280000,0x00000000df300000)
 ParOldGen       total 633856K, used 619671K [0x0000000080000000, 0x00000000a6b00000, 0x00000000d5580000)
  object space 633856K, 97% used [0x0000000080000000,0x00000000a5d25f68,0x00000000a6b00000)
 Metaspace       used 14399K, committed 14912K, reserved 1114112K
  class space    used 1508K, committed 1728K, reserved 1048576K
}
Event: 32.038 GC heap after
{Heap after GC invocations=394 (full 6):
 PSYoungGen      total 101888K, used 32K [0x00000000d5580000, 0x00000000df300000, 0x0000000100000000)
  eden space 101376K, 0% used [0x00000000d5580000,0x00000000d5580000,0x00000000db880000)
  from space 512K, 6% used [0x00000000df280000,0x00000000df288000,0x00000000df300000)
  to   space 512K, 0% used [0x00000000df200000,0x00000000df200000,0x00000000df280000)
 ParOldGen       total 674816K, used 659639K [0x0000000080000000, 0x00000000a9300000, 0x00000000d5580000)
  object space 674816K, 97% used [0x0000000080000000,0x00000000a842df58,0x00000000a9300000)
 Metaspace       used 14399K, committed 14912K, reserved 1114112K
  class space    used 1508K, committed 1728K, reserved 1048576K
}
Event: 32.080 GC heap before
{Heap before GC invocations=395 (full 6):
 PSYoungGen      total 101888K, used 82034K [0x00000000d5580000, 0x00000000df300000, 0x0000000100000000)
  eden space 101376K, 80% used [0x00000000d5580000,0x00000000da594a48,0x00000000db880000)
  from space 512K, 6% used [0x00000000df280000,0x00000000df288000,0x00000000df300000)
  to   space 512K, 0% used [0x00000000df200000,0x00000000df200000,0x00000000df280000)
 ParOldGen       total 674816K, used 659639K [0x0000000080000000, 0x00000000a9300000, 0x00000000d5580000)
  object space 674816K, 97% used [0x0000000080000000,0x00000000a842df58,0x00000000a9300000)
 Metaspace       used 14399K, committed 14912K, reserved 1114112K
  class space    used 1508K, committed 1728K, reserved 1048576K
}
Event: 32.091 GC heap after
{Heap after GC invocations=395 (full 6):
 PSYoungGen      total 98304K, used 32K [0x00000000d5580000, 0x00000000df300000, 0x0000000100000000)
  eden space 97792K, 0% used [0x00000000d5580000,0x00000000d5580000,0x00000000db500000)
  from space 512K, 6% used [0x00000000df200000,0x00000000df208000,0x00000000df280000)
  to   space 512K, 0% used [0x00000000df280000,0x00000000df280000,0x00000000df300000)
 ParOldGen       total 715776K, used 699671K [0x0000000080000000, 0x00000000abb00000, 0x00000000d5580000)
  object space 715776K, 97% used [0x0000000080000000,0x00000000aab45f48,0x00000000abb00000)
 Metaspace       used 14399K, committed 14912K, reserved 1114112K
  class space    used 1508K, committed 1728K, reserved 1048576K
}
Event: 32.139 GC heap before
{Heap before GC invocations=396 (full 6):
 PSYoungGen      total 98304K, used 82090K [0x00000000d5580000, 0x00000000df300000, 0x0000000100000000)
  eden space 97792K, 83% used [0x00000000d5580000,0x00000000da5a28d0,0x00000000db500000)
  from space 512K, 6% used [0x00000000df200000,0x00000000df208000,0x00000000df280000)
  to   space 512K, 0% used [0x00000000df280000,0x00000000df280000,0x00000000df300000)
 ParOldGen       total 715776K, used 699671K [0x0000000080000000, 0x00000000abb00000, 0x00000000d5580000)
  object space 715776K, 97% used [0x0000000080000000,0x00000000aab45f48,0x00000000abb00000)
 Metaspace       used 14399K, committed 14912K, reserved 1114112K
  class space    used 1508K, committed 1728K, reserved 1048576K
}
Event: 32.149 GC heap after
{Heap after GC invocations=396 (full 6):
 PSYoungGen      total 94720K, used 64K [0x00000000d5580000, 0x00000000df300000, 0x0000000100000000)
  eden space 94208K, 0% used [0x00000000d5580000,0x00000000d5580000,0x00000000db180000)
  from space 512K, 12% used [0x00000000df280000,0x00000000df290000,0x00000000df300000)
  to   space 512K, 0% used [0x00000000df200000,0x00000000df200000,0x00000000df280000)
 ParOldGen       total 756736K, used 739767K [0x0000000080000000, 0x00000000ae300000, 0x00000000d5580000)
  object space 756736K, 97% used [0x0000000080000000,0x00000000ad26df38,0x00000000ae300000)
 Metaspace       used 14399K, committed 14912K, reserved 1114112K
  class space    used 1508K, committed 1728K, reserved 1048576K
}
Event: 32.191 GC heap before
{Heap before GC invocations=397 (full 6):
 PSYoungGen      total 94720K, used 82179K [0x00000000d5580000, 0x00000000df300000, 0x0000000100000000)
  eden space 94208K, 87% used [0x00000000d5580000,0x00000000da5b0d98,0x00000000db180000)
  from space 512K, 12% used [0x00000000df280000,0x00000000df290000,0x00000000df300000)
  to   space 512K, 0% used [0x00000000df200000,0x00000000df200000,0x00000000df280000)
 ParOldGen       total 756736K, used 739767K [0x0000000080000000, 0x00000000ae300000, 0x00000000d5580000)
  object space 756736K, 97% used [0x0000000080000000,0x00000000ad26df38,0x00000000ae300000)
 Metaspace       used 14399K, committed 14912K, reserved 1114112K
  class space    used 1508K, committed 1728K, reserved 1048576K
}
Event: 32.202 GC heap after
{Heap after GC invocations=397 (full 6):
 PSYoungGen      total 111104K, used 32K [0x00000000d5580000, 0x00000000df300000, 0x0000000100000000)
  eden space 110592K, 0% used [0x00000000d5580000,0x00000000d5580000,0x00000000dc180000)
  from space 512K, 6% used [0x00000000df200000,0x00000000df208000,0x00000000df280000)
  to   space 512K, 0% used [0x00000000df280000,0x00000000df280000,0x00000000df300000)
 ParOldGen       total 797696K, used 779927K [0x0000000080000000, 0x00000000b0b00000, 0x00000000d5580000)
  object space 797696K, 97% used [0x0000000080000000,0x00000000af9a5f28,0x00000000b0b00000)
 Metaspace       used 14399K, committed 14912K, reserved 1114112K
  class space    used 1508K, committed 1728K, reserved 1048576K
}
Event: 32.244 GC heap before
{Heap before GC invocations=398 (full 6):
 PSYoungGen      total 111104K, used 102715K [0x00000000d5580000, 0x00000000df300000, 0x0000000100000000)
  eden space 110592K, 92% used [0x00000000d5580000,0x00000000db9c6ea0,0x00000000dc180000)
  from space 512K, 6% used [0x00000000df200000,0x00000000df208000,0x00000000df280000)
  to   space 512K, 0% used [0x00000000df280000,0x00000000df280000,0x00000000df300000)
 ParOldGen       total 797696K, used 779927K [0x0000000080000000, 0x00000000b0b00000, 0x00000000d5580000)
  object space 797696K, 97% used [0x0000000080000000,0x00000000af9a5f28,0x00000000b0b00000)
 Metaspace       used 14399K, committed 14912K, reserved 1114112K
  class space    used 1508K, committed 1728K, reserved 1048576K
}
Event: 32.255 GC heap after
{Heap after GC invocations=398 (full 6):
 PSYoungGen      total 130560K, used 32K [0x00000000d5580000, 0x00000000df300000, 0x0000000100000000)
  eden space 130048K, 0% used [0x00000000d5580000,0x00000000d5580000,0x00000000dd480000)
  from space 512K, 6% used [0x00000000df280000,0x00000000df288000,0x00000000df300000)
  to   space 512K, 0% used [0x00000000df200000,0x00000000df200000,0x00000000df280000)
 ParOldGen       total 838656K, used 820167K [0x0000000080000000, 0x00000000b3300000, 0x00000000d5580000)
  object space 838656K, 97% used [0x0000000080000000,0x00000000b20f1f18,0x00000000b3300000)
 Metaspace       used 14399K, committed 14912K, reserved 1114112K
  class space    used 1508K, committed 1728K, reserved 1048576K
}
Event: 32.300 GC heap before
{Heap before GC invocations=399 (full 6):
 PSYoungGen      total 130560K, used 123465K [0x00000000d5580000, 0x00000000df300000, 0x0000000100000000)
  eden space 130048K, 94% used [0x00000000d5580000,0x00000000dce0a508,0x00000000dd480000)
  from space 512K, 6% used [0x00000000df280000,0x00000000df288000,0x00000000df300000)
  to   space 512K, 0% used [0x00000000df200000,0x00000000df200000,0x00000000df280000)
 ParOldGen       total 838656K, used 820167K [0x0000000080000000, 0x00000000b3300000, 0x00000000d5580000)
  object space 838656K, 97% used [0x0000000080000000,0x00000000b20f1f18,0x00000000b3300000)
 Metaspace       used 14399K, committed 14912K, reserved 1114112K
  class space    used 1508K, committed 1728K, reserved 1048576K
}
Event: 32.311 GC heap after
{Heap after GC invocations=399 (full 6):
 PSYoungGen      total 153088K, used 32K [0x00000000d5580000, 0x00000000df300000, 0x0000000100000000)
  eden space 152576K, 0% used [0x00000000d5580000,0x00000000d5580000,0x00000000dea80000)
  from space 512K, 6% used [0x00000000df200000,0x00000000df208000,0x00000000df280000)
  to   space 512K, 0% used [0x00000000df280000,0x00000000df280000,0x00000000df300000)
 ParOldGen       total 879616K, used 860503K [0x0000000080000000, 0x00000000b5b00000, 0x00000000d5580000)
  object space 879616K, 97% used [0x0000000080000000,0x00000000b4855f08,0x00000000b5b00000)
 Metaspace       used 14399K, committed 14912K, reserved 1114112K
  class space    used 1508K, committed 1728K, reserved 1048576K
}
Event: 32.480 GC heap before
{Heap before GC invocations=400 (full 6):
 PSYoungGen      total 153088K, used 152608K [0x00000000d5580000, 0x00000000df300000, 0x0000000100000000)
  eden space 152576K, 100% used [0x00000000d5580000,0x00000000dea80000,0x00000000dea80000)
  from space 512K, 6% used [0x00000000df200000,0x00000000df208000,0x00000000df280000)
  to   space 512K, 0% used [0x00000000df280000,0x00000000df280000,0x00000000df300000)
 ParOldGen       total 879616K, used 860503K [0x0000000080000000, 0x00000000b5b00000, 0x00000000d5580000)
  object space 879616K, 97% used [0x0000000080000000,0x00000000b4855f08,0x00000000b5b00000)
 Metaspace       used 14399K, committed 14912K, reserved 1114112K
  class space    used 1508K, committed 1728K, reserved 1048576K
}
Event: 32.490 GC heap after
{Heap after GC invocations=400 (full 6):
 PSYoungGen      total 131584K, used 512K [0x00000000d5580000, 0x00000000e1e80000, 0x0000000100000000)
  eden space 131072K, 0% used [0x00000000d5580000,0x00000000d5580000,0x00000000dd580000)
  from space 512K, 100% used [0x00000000df280000,0x00000000df300000,0x00000000df300000)
  to   space 29696K, 0% used [0x00000000dd580000,0x00000000dd580000,0x00000000df280000)
 ParOldGen       total 900096K, used 885255K [0x0000000080000000, 0x00000000b6f00000, 0x00000000d5580000)
  object space 900096K, 98% used [0x0000000080000000,0x00000000b6081fb8,0x00000000b6f00000)
 Metaspace       used 14399K, committed 14912K, reserved 1114112K
  class space    used 1508K, committed 1728K, reserved 1048576K
}
Event: 33.406 GC heap before
{Heap before GC invocations=401 (full 6):
 PSYoungGen      total 131584K, used 131584K [0x00000000d5580000, 0x00000000e1e80000, 0x0000000100000000)
  eden space 131072K, 100% used [0x00000000d5580000,0x00000000dd580000,0x00000000dd580000)
  from space 512K, 100% used [0x00000000df280000,0x00000000df300000,0x00000000df300000)
  to   space 29696K, 0% used [0x00000000dd580000,0x00000000dd580000,0x00000000df280000)
 ParOldGen       total 900096K, used 885255K [0x0000000080000000, 0x00000000b6f00000, 0x00000000d5580000)
  object space 900096K, 98% used [0x0000000080000000,0x00000000b6081fb8,0x00000000b6f00000)
 Metaspace       used 15546K, committed 16192K, reserved 1114112K
  class space    used 1633K, committed 1920K, reserved 1048576K
}
Event: 33.433 GC heap after
{Heap after GC invocations=401 (full 6):
 PSYoungGen      total 155648K, used 29688K [0x00000000d5580000, 0x00000000e4e80000, 0x0000000100000000)
  eden space 125952K, 0% used [0x00000000d5580000,0x00000000d5580000,0x00000000dd080000)
  from space 29696K, 99% used [0x00000000dd580000,0x00000000df27e300,0x00000000df280000)
  to   space 64512K, 0% used [0x00000000e0f80000,0x00000000e0f80000,0x00000000e4e80000)
 ParOldGen       total 913408K, used 913335K [0x0000000080000000, 0x00000000b7c00000, 0x00000000d5580000)
  object space 913408K, 99% used [0x0000000080000000,0x00000000b7bedfb8,0x00000000b7c00000)
 Metaspace       used 15546K, committed 16192K, reserved 1114112K
  class space    used 1633K, committed 1920K, reserved 1048576K
}
Event: 34.719 GC heap before
{Heap before GC invocations=402 (full 6):
 PSYoungGen      total 155648K, used 119392K [0x00000000d5580000, 0x00000000e4e80000, 0x0000000100000000)
  eden space 125952K, 71% used [0x00000000d5580000,0x00000000dad19ed0,0x00000000dd080000)
  from space 29696K, 99% used [0x00000000dd580000,0x00000000df27e300,0x00000000df280000)
  to   space 64512K, 0% used [0x00000000e0f80000,0x00000000e0f80000,0x00000000e4e80000)
 ParOldGen       total 913408K, used 913335K [0x0000000080000000, 0x00000000b7c00000, 0x00000000d5580000)
  object space 913408K, 99% used [0x0000000080000000,0x00000000b7bedfb8,0x00000000b7c00000)
 Metaspace       used 24133K, committed 24896K, reserved 1114112K
  class space    used 2320K, committed 2688K, reserved 1048576K
}
Event: 34.737 GC heap after
{Heap after GC invocations=402 (full 6):
 PSYoungGen      total 130560K, used 4395K [0x00000000d5580000, 0x00000000e1400000, 0x0000000100000000)
  eden space 125952K, 0% used [0x00000000d5580000,0x00000000d5580000,0x00000000dd080000)
  from space 4608K, 95% used [0x00000000e0f80000,0x00000000e13caca0,0x00000000e1400000)
  to   space 24064K, 0% used [0x00000000de500000,0x00000000de500000,0x00000000dfc80000)
 ParOldGen       total 943616K, used 943172K [0x0000000080000000, 0x00000000b9980000, 0x00000000d5580000)
  object space 943616K, 99% used [0x0000000080000000,0x00000000b9911208,0x00000000b9980000)
 Metaspace       used 24133K, committed 24896K, reserved 1114112K
  class space    used 2320K, committed 2688K, reserved 1048576K
}
Event: 34.737 GC heap before
{Heap before GC invocations=403 (full 7):
 PSYoungGen      total 130560K, used 4395K [0x00000000d5580000, 0x00000000e1400000, 0x0000000100000000)
  eden space 125952K, 0% used [0x00000000d5580000,0x00000000d5580000,0x00000000dd080000)
  from space 4608K, 95% used [0x00000000e0f80000,0x00000000e13caca0,0x00000000e1400000)
  to   space 24064K, 0% used [0x00000000de500000,0x00000000de500000,0x00000000dfc80000)
 ParOldGen       total 943616K, used 943172K [0x0000000080000000, 0x00000000b9980000, 0x00000000d5580000)
  object space 943616K, 99% used [0x0000000080000000,0x00000000b9911208,0x00000000b9980000)
 Metaspace       used 24133K, committed 24896K, reserved 1114112K
  class space    used 2320K, committed 2688K, reserved 1048576K
}

