[INFO] Scanning for projects...
[INFO] ------------------------------------------------------------------------
[INFO] Reactor Build Order:
[INFO]
[INFO] CIB seven - QA Integration Tests - Webapps Root                    [pom]
[INFO] CIB seven - QA Integration Tests - Webapps ITs                     [jar]
[INFO] CIB seven - QA Integration Tests - Webapps Shared Engine           [jar]
[INFO]
[INFO] ---< org.cibseven.bpm.qa:cibseven-qa-integration-tests-webapps-root >---
[INFO] Building CIB seven - QA Integration Tests - Webapps Root 2.2.0-SNAPSHOT [1/3]
[INFO]   from pom.xml
[INFO] --------------------------------[ pom ]---------------------------------
[INFO]
[INFO] >>> rewrite:5.43.0:run (default-cli) > process-test-classes @ cibseven-qa-integration-tests-webapps-root >>>
[INFO]
[INFO] --- download:1.13.0:wget (default) @ cibseven-qa-integration-tests-webapps-root ---
[INFO] Artifact commons-codec:commons-codec:pom:1.17.0 is present in the local repository, but cached from a remote repository ID that is unavailable in current build context, verifying that is downloadable from [central (https://repo.maven.apache.org/maven2, default, releases), apache.snapshots (https://repository.apache.org/snapshots, default, snapshots)]
[INFO] Artifact commons-codec:commons-codec:pom:1.17.0 is present in the local repository, but cached from a remote repository ID that is unavailable in current build context, verifying that is downloadable from [central (https://repo.maven.apache.org/maven2, default, releases), apache.snapshots (https://repository.apache.org/snapshots, default, snapshots)]
Downloading from central: https://repo.maven.apache.org/maven2/commons-codec/commons-codec/1.17.0/commons-codec-1.17.0.pom
Downloaded from central: https://repo.maven.apache.org/maven2/commons-codec/commons-codec/1.17.0/commons-codec-1.17.0.pom (0 B at 0 B/s)
[INFO]
[INFO] --- antrun:1.8:run (move-folder) @ cibseven-qa-integration-tests-webapps-root ---
[INFO] Executing tasks

main:
     [move] Moving 1 file to /app/qa/integration-tests-webapps/target
[INFO] Executed tasks
[INFO]
[INFO] <<< rewrite:5.43.0:run (default-cli) < process-test-classes @ cibseven-qa-integration-tests-webapps-root <<<
[INFO]
[INFO]
[INFO] --- rewrite:5.43.0:run (default-cli) @ cibseven-qa-integration-tests-webapps-root ---
[INFO] Artifact org.jboss:jboss-parent:pom:12 is present in the local repository, but cached from a remote repository ID that is unavailable in current build context, verifying that is downloadable from [central (https://repo.maven.apache.org/maven2, default, releases), ossrh-snapshots (https://oss.sonatype.org/content/repositories/snapshots, default, snapshots), jboss-public-repository (https://repository.jboss.org/nexus/content/groups/public, default, releases+snapshots)]
[INFO] Artifact org.jboss:jboss-parent:pom:12 is present in the local repository, but cached from a remote repository ID that is unavailable in current build context, verifying that is downloadable from [central (https://repo.maven.apache.org/maven2, default, releases), ossrh-snapshots (https://oss.sonatype.org/content/repositories/snapshots, default, snapshots), jboss-public-repository (https://repository.jboss.org/nexus/content/groups/public, default, releases+snapshots)]
Downloading from central: https://repo.maven.apache.org/maven2/org/jboss/jboss-parent/12/jboss-parent-12.pom
Downloaded from central: https://repo.maven.apache.org/maven2/org/jboss/jboss-parent/12/jboss-parent-12.pom (0 B at 0 B/s)
[INFO] REWRITE: Delaying execution to the end of multi-module project for org.cibseven.bpm.qa:cibseven-qa-integration-tests-webapps-root:2.2.0-SNAPSHOT
[INFO]
[INFO] -----< org.cibseven.bpm.qa:cibseven-qa-integration-tests-webapps >------
[INFO] Building CIB seven - QA Integration Tests - Webapps ITs 2.2.0-SNAPSHOT [2/3]
[INFO]   from integration-tests/pom.xml
[INFO] --------------------------------[ jar ]---------------------------------
[INFO]
[INFO] >>> rewrite:5.43.0:run (default-cli) > process-test-classes @ cibseven-qa-integration-tests-webapps >>>
[INFO]
[INFO] --- resources:2.6:resources (default-resources) @ cibseven-qa-integration-tests-webapps ---
[INFO] Using 'UTF-8' encoding to copy filtered resources.
[INFO] Copying 1 resource
[INFO]
[INFO] --- download:1.13.0:wget (default) @ cibseven-qa-integration-tests-webapps ---
[INFO]
[INFO] --- antrun:1.8:run (move-folder) @ cibseven-qa-integration-tests-webapps ---
[INFO] Executing tasks

main:
     [move] Moving 1 file to /app/qa/integration-tests-webapps/integration-tests/target
[INFO] Executed tasks
[INFO]
[INFO] --- compiler:3.6.2:compile (default-compile) @ cibseven-qa-integration-tests-webapps ---
[INFO] Nothing to compile - all classes are up to date
[INFO]
[INFO] --- resources:2.6:testResources (default-testResources) @ cibseven-qa-integration-tests-webapps ---
[INFO] Using 'UTF-8' encoding to copy filtered resources.
[INFO] skip non existing resourceDirectory /app/qa/integration-tests-webapps/integration-tests/src/test/resources
[INFO]
[INFO] --- compiler:3.6.2:testCompile (default-testCompile) @ cibseven-qa-integration-tests-webapps ---
[INFO] No sources to compile
[INFO]
[INFO] <<< rewrite:5.43.0:run (default-cli) < process-test-classes @ cibseven-qa-integration-tests-webapps <<<
[INFO]
[INFO]
[INFO] --- rewrite:5.43.0:run (default-cli) @ cibseven-qa-integration-tests-webapps ---
[INFO] REWRITE: Delaying execution to the end of multi-module project for org.cibseven.bpm.qa:cibseven-qa-integration-tests-webapps:2.2.0-SNAPSHOT
[INFO]
[INFO] --< org.cibseven.bpm.qa:cibseven-qa-integration-tests-webapps-shared-engine >--
[INFO] Building CIB seven - QA Integration Tests - Webapps Shared Engine 2.2.0-SNAPSHOT [3/3]
[INFO]   from shared-engine/pom.xml
[INFO] --------------------------------[ jar ]---------------------------------
[INFO]
[INFO] >>> rewrite:5.43.0:run (default-cli) > process-test-classes @ cibseven-qa-integration-tests-webapps-shared-engine >>>
[INFO]
[INFO] --- resources:2.6:resources (default-resources) @ cibseven-qa-integration-tests-webapps-shared-engine ---
[INFO] Using 'UTF-8' encoding to copy filtered resources.
[INFO] skip non existing resourceDirectory /app/qa/integration-tests-webapps/shared-engine/src/main/resources
[INFO]
[INFO] --- download:1.13.0:wget (default) @ cibseven-qa-integration-tests-webapps-shared-engine ---
[INFO]
[INFO] --- antrun:1.8:run (move-folder) @ cibseven-qa-integration-tests-webapps-shared-engine ---
[INFO] Executing tasks

main:
     [move] Moving 1 file to /app/qa/integration-tests-webapps/shared-engine/target
[INFO] Executed tasks
[INFO]
[INFO] --- compiler:3.6.2:compile (default-compile) @ cibseven-qa-integration-tests-webapps-shared-engine ---
[INFO] No sources to compile
[INFO]
[INFO] --- resources:2.6:testResources (default-testResources) @ cibseven-qa-integration-tests-webapps-shared-engine ---
[INFO] Using 'UTF-8' encoding to copy filtered resources.
[INFO] Copying 4 resources
[INFO]
[INFO] --- compiler:3.6.2:testCompile (default-testCompile) @ cibseven-qa-integration-tests-webapps-shared-engine ---
[INFO] No sources to compile
[INFO]
[INFO] <<< rewrite:5.43.0:run (default-cli) < process-test-classes @ cibseven-qa-integration-tests-webapps-shared-engine <<<
[INFO]
[INFO]
[INFO] --- rewrite:5.43.0:run (default-cli) @ cibseven-qa-integration-tests-webapps-shared-engine ---
[INFO] Using active recipe(s) [org.openrewrite.java.testing.junit5.JUnit5BestPractices, org.openrewrite.java.testing.assertj.Assertj]
[INFO] Using active styles(s) []
[INFO] Validating active recipes...
[INFO] Project [CIB seven - QA Integration Tests - Webapps Root] Resolving Poms...
[INFO] Project [CIB seven - QA Integration Tests - Webapps Root] Parsing source files
[INFO] Project [CIB seven - QA Integration Tests - Webapps ITs] Parsing source files
[INFO] Project [CIB seven - QA Integration Tests - Webapps Shared Engine] Parsing source files
[INFO] Running recipe(s)...
[ERROR] The recipe produced an error. Please report this to the recipe author.
[INFO] ------------------------------------------------------------------------
[INFO] Reactor Summary for CIB seven - QA Integration Tests - Webapps Root 2.2.0-SNAPSHOT:
[INFO]
[INFO] CIB seven - QA Integration Tests - Webapps Root .... SUCCESS [  5.947 s]
[INFO] CIB seven - QA Integration Tests - Webapps ITs ..... SUCCESS [  1.454 s]
[INFO] CIB seven - QA Integration Tests - Webapps Shared Engine FAILURE [01:25 min]
[INFO] ------------------------------------------------------------------------
[INFO] BUILD FAILURE
[INFO] ------------------------------------------------------------------------
[INFO] Total time:  01:33 min
[INFO] Finished at: 2026-02-02T14:14:35Z
[INFO] ------------------------------------------------------------------------
[ERROR] Failed to execute goal org.openrewrite.maven:rewrite-maven-plugin:5.43.0:run (default-cli) on project cibseven-qa-integration-tests-webapps-shared-engine: Execution default-cli of goal org.openrewrite.maven:rewrite-maven-plugin:5.43.0:run failed: Error while visiting qa/integration-tests-webapps/integration-tests/src/main/java/org/cibseven/bpm/rest/EmbeddedEngineRest_WILDFLY.java: java.lang.IllegalArgumentException: Could not parse as Java
[ERROR]   org.openrewrite.java.internal.template.JavaTemplateParser.lambda$compileTemplate$13(JavaTemplateParser.java:264)
[ERROR]   java.base/java.util.Optional.orElseThrow(Optional.java:403)
[ERROR]   org.openrewrite.java.internal.template.JavaTemplateParser.compileTemplate(JavaTemplateParser.java:264)
[ERROR]   org.openrewrite.java.internal.template.JavaTemplateParser.lambda$parseBlockStatements$9(JavaTemplateParser.java:176)
[ERROR]   org.openrewrite.java.internal.template.JavaTemplateParser.cacheIfContextFree(JavaTemplateParser.java:290)
[ERROR]   org.openrewrite.java.internal.template.JavaTemplateParser.parseBlockStatements(JavaTemplateParser.java:171)
[ERROR]   org.openrewrite.java.internal.template.JavaTemplateJavaExtension$1.maybeReplaceStatement(JavaTemplateJavaExtension.java:451)
[ERROR]   org.openrewrite.java.internal.template.JavaTemplateJavaExtension$1.visitStatement(JavaTemplateJavaExtension.java:445)
[ERROR]   org.openrewrite.java.internal.template.JavaTemplateJavaExtension$1.visitStatement(JavaTemplateJavaExtension.java:55)
[ERROR]   org.openrewrite.java.JavaVisitor.visitTry(JavaVisitor.java:1190)
[ERROR]   org.openrewrite.java.tree.J$Try.acceptJava(J.java:5299)
[ERROR]   org.openrewrite.java.tree.J.accept(J.java:59)
[ERROR]   org.openrewrite.TreeVisitor.visit(TreeVisitor.java:250)
[ERROR]   org.openrewrite.TreeVisitor.visit(TreeVisitor.java:157)
[ERROR]   org.openrewrite.java.JavaTemplate.apply(JavaTemplate.java:115)
[ERROR]   org.openrewrite.java.testing.junit5.RemoveTryCatchFailBlocks$RemoveTryCatchBlocksFromUnitsTestsVisitor.replaceWithAssertDoesNotThrowWithStringExpression(RemoveTryCatchFailBlocks.java:161)
[ERROR]   ...
[ERROR] -> [Help 1]
[ERROR]
[ERROR] To see the full stack trace of the errors, re-run Maven with the -e switch.
[ERROR] Re-run Maven using the -X switch to enable full debug logging.
[ERROR]
[ERROR] For more information about the errors and possible solutions, please read the following articles:
[ERROR] [Help 1] http://cwiki.apache.org/confluence/display/MAVEN/PluginExecutionException
[ERROR]
[ERROR] After correcting the problems, you can resume the build with the command
[ERROR]   mvn <args> -rf :cibseven-qa-integration-tests-webapps-shared-engine
